-- Install configuration: ""
-- Up-to-date: /home/george/robot_gantry/ME470-Senior-Design/install/robot_gantry_config/share/ament_index/resource_index/package_run_dependencies/robot_gantry_config
-- Up-to-date: /home/george/robot_gantry/ME470-Senior-Design/install/robot_gantry_config/share/ament_index/resource_index/parent_prefix_path/robot_gantry_config
-- Up-to-date: /home/george/robot_gantry/ME470-Senior-Design/install/robot_gantry_config/share/robot_gantry_config/environment/ament_prefix_path.sh
-- Up-to-date: /home/george/robot_gantry/ME470-Senior-Design/install/robot_gantry_config/share/robot_gantry_config/environment/ament_prefix_path.dsv
-- Up-to-date: /home/george/robot_gantry/ME470-Senior-Design/install/robot_gantry_config/share/robot_gantry_config/environment/path.sh
-- Up-to-date: /home/george/robot_gantry/ME470-Senior-Design/install/robot_gantry_config/share/robot_gantry_config/environment/path.dsv
-- Up-to-date: /home/george/robot_gantry/ME470-Senior-Design/install/robot_gantry_config/share/robot_gantry_config/local_setup.bash
-- Up-to-date: /home/george/robot_gantry/ME470-Senior-Design/install/robot_gantry_config/share/robot_gantry_config/local_setup.sh
-- Up-to-date: /home/george/robot_gantry/ME470-Senior-Design/install/robot_gantry_config/share/robot_gantry_config/local_setup.zsh
-- Up-to-date: /home/george/robot_gantry/ME470-Senior-Design/install/robot_gantry_config/share/robot_gantry_config/local_setup.dsv
-- Up-to-date: /home/george/robot_gantry/ME470-Senior-Design/install/robot_gantry_config/share/robot_gantry_config/package.dsv
-- Up-to-date: /home/george/robot_gantry/ME470-Senior-Design/install/robot_gantry_config/share/ament_index/resource_index/packages/robot_gantry_config
-- Up-to-date: /home/george/robot_gantry/ME470-Senior-Design/install/robot_gantry_config/share/robot_gantry_config/cmake/robot_gantry_configConfig.cmake
-- Up-to-date: /home/george/robot_gantry/ME470-Senior-Design/install/robot_gantry_config/share/robot_gantry_config/cmake/robot_gantry_configConfig-version.cmake
-- Up-to-date: /home/george/robot_gantry/ME470-Senior-Design/install/robot_gantry_config/share/robot_gantry_config/package.xml
-- Up-to-date: /home/george/robot_gantry/ME470-Senior-Design/install/robot_gantry_config/share/robot_gantry_config/launch
-- Up-to-date: /home/george/robot_gantry/ME470-Senior-Design/install/robot_gantry_config/share/robot_gantry_config/launch/rsp.launch.py
-- Up-to-date: /home/george/robot_gantry/ME470-Senior-Design/install/robot_gantry_config/share/robot_gantry_config/launch/static_virtual_joint_tfs.launch.py
-- Up-to-date: /home/george/robot_gantry/ME470-Senior-Design/install/robot_gantry_config/share/robot_gantry_config/launch/warehouse_db.launch.py
-- Up-to-date: /home/george/robot_gantry/ME470-Senior-Design/install/robot_gantry_config/share/robot_gantry_config/launch/spawn_controllers.launch.py
-- Up-to-date: /home/george/robot_gantry/ME470-Senior-Design/install/robot_gantry_config/share/robot_gantry_config/launch/moveit_rviz.launch.py
-- Up-to-date: /home/george/robot_gantry/ME470-Senior-Design/install/robot_gantry_config/share/robot_gantry_config/launch/setup_assistant.launch.py
-- Up-to-date: /home/george/robot_gantry/ME470-Senior-Design/install/robot_gantry_config/share/robot_gantry_config/launch/demo.launch.py
-- Up-to-date: /home/george/robot_gantry/ME470-Senior-Design/install/robot_gantry_config/share/robot_gantry_config/launch/move_group.launch.py
-- Up-to-date: /home/george/robot_gantry/ME470-Senior-Design/install/robot_gantry_config/share/robot_gantry_config/config
-- Up-to-date: /home/george/robot_gantry/ME470-Senior-Design/install/robot_gantry_config/share/robot_gantry_config/config/ros2_controllers.yaml
-- Up-to-date: /home/george/robot_gantry/ME470-Senior-Design/install/robot_gantry_config/share/robot_gantry_config/config/kinematics.yaml
-- Up-to-date: /home/george/robot_gantry/ME470-Senior-Design/install/robot_gantry_config/share/robot_gantry_config/config/moveit_controllers.yaml
-- Up-to-date: /home/george/robot_gantry/ME470-Senior-Design/install/robot_gantry_config/share/robot_gantry_config/config/initial_positions.yaml
-- Up-to-date: /home/george/robot_gantry/ME470-Senior-Design/install/robot_gantry_config/share/robot_gantry_config/config/Robot_Gantry_Gazebo.ros2_control.xacro
-- Up-to-date: /home/george/robot_gantry/ME470-Senior-Design/install/robot_gantry_config/share/robot_gantry_config/config/moveit.rviz
-- Up-to-date: /home/george/robot_gantry/ME470-Senior-Design/install/robot_gantry_config/share/robot_gantry_config/config/Robot_Gantry_Gazebo.urdf.xacro
-- Up-to-date: /home/george/robot_gantry/ME470-Senior-Design/install/robot_gantry_config/share/robot_gantry_config/config/Robot_Gantry_Gazebo.srdf
-- Up-to-date: /home/george/robot_gantry/ME470-Senior-Design/install/robot_gantry_config/share/robot_gantry_config/config/pilz_cartesian_limits.yaml
-- Up-to-date: /home/george/robot_gantry/ME470-Senior-Design/install/robot_gantry_config/share/robot_gantry_config/config/joint_limits.yaml
-- Up-to-date: /home/george/robot_gantry/ME470-Senior-Design/install/robot_gantry_config/share/robot_gantry_config/.setup_assistant
