-- Install configuration: ""
-- Up-to-date: /home/george/robot_gantry/ME470-Senior-Design/install/robot_gantry_description/share/robot_gantry_description//urdf
-- Up-to-date: /home/george/robot_gantry/ME470-Senior-Design/install/robot_gantry_description/share/robot_gantry_description//urdf/Robot_Gantry_Gazebo.xacro
-- Up-to-date: /home/george/robot_gantry/ME470-Senior-Design/install/robot_gantry_description/share/robot_gantry_description//urdf/materials.xacro
-- Up-to-date: /home/george/robot_gantry/ME470-Senior-Design/install/robot_gantry_description/share/robot_gantry_description//urdf/Robot_Gantry_Gazebo_old.xacro
-- Up-to-date: /home/george/robot_gantry/ME470-Senior-Design/install/robot_gantry_description/share/robot_gantry_description//urdf/Robot_Gantry_Gazebo.gazebo
-- Up-to-date: /home/george/robot_gantry/ME470-Senior-Design/install/robot_gantry_description/share/robot_gantry_description//urdf/Robot_Gantry_Gazebo.trans
-- Up-to-date: /home/george/robot_gantry/ME470-Senior-Design/install/robot_gantry_description/share/robot_gantry_description//launch
-- Up-to-date: /home/george/robot_gantry/ME470-Senior-Design/install/robot_gantry_description/share/robot_gantry_description//launch/controller.launch
-- Up-to-date: /home/george/robot_gantry/ME470-Senior-Design/install/robot_gantry_description/share/robot_gantry_description//launch/controller.launch.py
-- Up-to-date: /home/george/robot_gantry/ME470-Senior-Design/install/robot_gantry_description/share/robot_gantry_description//launch/gantry.rviz
-- Up-to-date: /home/george/robot_gantry/ME470-Senior-Design/install/robot_gantry_description/share/robot_gantry_description//launch/gazebo.launch
-- Up-to-date: /home/george/robot_gantry/ME470-Senior-Design/install/robot_gantry_description/share/robot_gantry_description//launch/gantry.launch.py
-- Up-to-date: /home/george/robot_gantry/ME470-Senior-Design/install/robot_gantry_description/share/robot_gantry_description//launch/gazebo.launch.py
-- Up-to-date: /home/george/robot_gantry/ME470-Senior-Design/install/robot_gantry_description/share/robot_gantry_description//launch/controller.yaml
-- Up-to-date: /home/george/robot_gantry/ME470-Senior-Design/install/robot_gantry_description/share/robot_gantry_description//launch/display.launch
-- Up-to-date: /home/george/robot_gantry/ME470-Senior-Design/install/robot_gantry_description/share/robot_gantry_description//meshes
-- Up-to-date: /home/george/robot_gantry/ME470-Senior-Design/install/robot_gantry_description/share/robot_gantry_description//meshes/stand_1.stl
-- Up-to-date: /home/george/robot_gantry/ME470-Senior-Design/install/robot_gantry_description/share/robot_gantry_description//meshes/z_axis_1.stl
-- Up-to-date: /home/george/robot_gantry/ME470-Senior-Design/install/robot_gantry_description/share/robot_gantry_description//meshes/base_link.stl
-- Up-to-date: /home/george/robot_gantry/ME470-Senior-Design/install/robot_gantry_description/share/robot_gantry_description//meshes/End_effector_1.stl
-- Up-to-date: /home/george/robot_gantry/ME470-Senior-Design/install/robot_gantry_description/share/robot_gantry_description//meshes/y_axis_1.stl
-- Up-to-date: /home/george/robot_gantry/ME470-Senior-Design/install/robot_gantry_description/share/ament_index/resource_index/package_run_dependencies/robot_gantry_description
-- Up-to-date: /home/george/robot_gantry/ME470-Senior-Design/install/robot_gantry_description/share/ament_index/resource_index/parent_prefix_path/robot_gantry_description
-- Up-to-date: /home/george/robot_gantry/ME470-Senior-Design/install/robot_gantry_description/share/robot_gantry_description/environment/ament_prefix_path.sh
-- Up-to-date: /home/george/robot_gantry/ME470-Senior-Design/install/robot_gantry_description/share/robot_gantry_description/environment/ament_prefix_path.dsv
-- Up-to-date: /home/george/robot_gantry/ME470-Senior-Design/install/robot_gantry_description/share/robot_gantry_description/environment/path.sh
-- Up-to-date: /home/george/robot_gantry/ME470-Senior-Design/install/robot_gantry_description/share/robot_gantry_description/environment/path.dsv
-- Up-to-date: /home/george/robot_gantry/ME470-Senior-Design/install/robot_gantry_description/share/robot_gantry_description/local_setup.bash
-- Up-to-date: /home/george/robot_gantry/ME470-Senior-Design/install/robot_gantry_description/share/robot_gantry_description/local_setup.sh
-- Up-to-date: /home/george/robot_gantry/ME470-Senior-Design/install/robot_gantry_description/share/robot_gantry_description/local_setup.zsh
-- Up-to-date: /home/george/robot_gantry/ME470-Senior-Design/install/robot_gantry_description/share/robot_gantry_description/local_setup.dsv
-- Up-to-date: /home/george/robot_gantry/ME470-Senior-Design/install/robot_gantry_description/share/robot_gantry_description/package.dsv
-- Up-to-date: /home/george/robot_gantry/ME470-Senior-Design/install/robot_gantry_description/share/ament_index/resource_index/packages/robot_gantry_description
-- Up-to-date: /home/george/robot_gantry/ME470-Senior-Design/install/robot_gantry_description/share/robot_gantry_description/cmake/robot_gantry_descriptionConfig.cmake
-- Up-to-date: /home/george/robot_gantry/ME470-Senior-Design/install/robot_gantry_description/share/robot_gantry_description/cmake/robot_gantry_descriptionConfig-version.cmake
-- Up-to-date: /home/george/robot_gantry/ME470-Senior-Design/install/robot_gantry_description/share/robot_gantry_description/package.xml
