[0.005s] Invoking command in '/home/george/robot_gantry/ME470-Senior-Design/build/robot_gantry_config': AMENT_PREFIX_PATH=/home/george/robot_gantry/ME470-Senior-Design/install/robot_gantry_description:${AMENT_PREFIX_PATH} CMAKE_PREFIX_PATH=/home/george/robot_gantry/ME470-Senior-Design/install/robot_gantry_description:/home/george/ros2_ws/install/test_gantry_config:/home/george/ros2_ws/install/stepper_driver:/home/george/ros2_ws/install/robot_gantry_config:/home/george/ros2_ws/install/robot_gantry_description:/opt/ros/humble /usr/bin/cmake /home/george/robot_gantry/ME470-Senior-Design/gantry_config -DCMAKE_INSTALL_PREFIX=/home/george/robot_gantry/ME470-Senior-Design/install/robot_gantry_config
[0.034s] -- The C compiler identification is GNU 11.3.0
[0.064s] -- The CXX compiler identification is GNU 11.3.0
[0.068s] -- Detecting C compiler ABI info
[0.103s] -- Detecting C compiler ABI info - done
[0.107s] -- Check for working C compiler: /usr/bin/cc - skipped
[0.108s] -- Detecting C compile features
[0.108s] -- Detecting C compile features - done
[0.110s] -- Detecting CXX compiler ABI info
[0.152s] -- Detecting CXX compiler ABI info - done
[0.156s] -- Check for working CXX compiler: /usr/bin/c++ - skipped
[0.156s] -- Detecting CXX compile features
[0.156s] -- Detecting CXX compile features - done
[0.158s] -- Found ament_cmake: 1.3.3 (/opt/ros/humble/share/ament_cmake/cmake)
[0.253s] -- Found Python3: /usr/bin/python3.10 (found version "3.10.6") found components: Interpreter 
[0.337s] -- Configuring done
[0.338s] -- Generating done
[0.339s] -- Build files have been written to: /home/george/robot_gantry/ME470-Senior-Design/build/robot_gantry_config
[0.341s] Invoked command in '/home/george/robot_gantry/ME470-Senior-Design/build/robot_gantry_config' returned '0': AMENT_PREFIX_PATH=/home/george/robot_gantry/ME470-Senior-Design/install/robot_gantry_description:${AMENT_PREFIX_PATH} CMAKE_PREFIX_PATH=/home/george/robot_gantry/ME470-Senior-Design/install/robot_gantry_description:/home/george/ros2_ws/install/test_gantry_config:/home/george/ros2_ws/install/stepper_driver:/home/george/ros2_ws/install/robot_gantry_config:/home/george/ros2_ws/install/robot_gantry_description:/opt/ros/humble /usr/bin/cmake /home/george/robot_gantry/ME470-Senior-Design/gantry_config -DCMAKE_INSTALL_PREFIX=/home/george/robot_gantry/ME470-Senior-Design/install/robot_gantry_config
[0.342s] Invoking command in '/home/george/robot_gantry/ME470-Senior-Design/build/robot_gantry_config': AMENT_PREFIX_PATH=/home/george/robot_gantry/ME470-Senior-Design/install/robot_gantry_description:${AMENT_PREFIX_PATH} CMAKE_PREFIX_PATH=/home/george/robot_gantry/ME470-Senior-Design/install/robot_gantry_description:/home/george/ros2_ws/install/test_gantry_config:/home/george/ros2_ws/install/stepper_driver:/home/george/ros2_ws/install/robot_gantry_config:/home/george/ros2_ws/install/robot_gantry_description:/opt/ros/humble /usr/bin/cmake --build /home/george/robot_gantry/ME470-Senior-Design/build/robot_gantry_config -- -j16 -l16
[0.360s] Invoked command in '/home/george/robot_gantry/ME470-Senior-Design/build/robot_gantry_config' returned '0': AMENT_PREFIX_PATH=/home/george/robot_gantry/ME470-Senior-Design/install/robot_gantry_description:${AMENT_PREFIX_PATH} CMAKE_PREFIX_PATH=/home/george/robot_gantry/ME470-Senior-Design/install/robot_gantry_description:/home/george/ros2_ws/install/test_gantry_config:/home/george/ros2_ws/install/stepper_driver:/home/george/ros2_ws/install/robot_gantry_config:/home/george/ros2_ws/install/robot_gantry_description:/opt/ros/humble /usr/bin/cmake --build /home/george/robot_gantry/ME470-Senior-Design/build/robot_gantry_config -- -j16 -l16
[0.372s] Invoking command in '/home/george/robot_gantry/ME470-Senior-Design/build/robot_gantry_config': AMENT_PREFIX_PATH=/home/george/robot_gantry/ME470-Senior-Design/install/robot_gantry_description:${AMENT_PREFIX_PATH} CMAKE_PREFIX_PATH=/home/george/robot_gantry/ME470-Senior-Design/install/robot_gantry_description:/home/george/ros2_ws/install/test_gantry_config:/home/george/ros2_ws/install/stepper_driver:/home/george/ros2_ws/install/robot_gantry_config:/home/george/ros2_ws/install/robot_gantry_description:/opt/ros/humble /usr/bin/cmake --install /home/george/robot_gantry/ME470-Senior-Design/build/robot_gantry_config
[0.375s] -- Install configuration: ""
[0.375s] -- Installing: /home/george/robot_gantry/ME470-Senior-Design/install/robot_gantry_config/share/ament_index/resource_index/package_run_dependencies/robot_gantry_config
[0.375s] -- Installing: /home/george/robot_gantry/ME470-Senior-Design/install/robot_gantry_config/share/ament_index/resource_index/parent_prefix_path/robot_gantry_config
[0.375s] -- Installing: /home/george/robot_gantry/ME470-Senior-Design/install/robot_gantry_config/share/robot_gantry_config/environment/ament_prefix_path.sh
[0.375s] -- Installing: /home/george/robot_gantry/ME470-Senior-Design/install/robot_gantry_config/share/robot_gantry_config/environment/ament_prefix_path.dsv
[0.375s] -- Installing: /home/george/robot_gantry/ME470-Senior-Design/install/robot_gantry_config/share/robot_gantry_config/environment/path.sh
[0.375s] -- Installing: /home/george/robot_gantry/ME470-Senior-Design/install/robot_gantry_config/share/robot_gantry_config/environment/path.dsv
[0.375s] -- Installing: /home/george/robot_gantry/ME470-Senior-Design/install/robot_gantry_config/share/robot_gantry_config/local_setup.bash
[0.375s] -- Installing: /home/george/robot_gantry/ME470-Senior-Design/install/robot_gantry_config/share/robot_gantry_config/local_setup.sh
[0.375s] -- Installing: /home/george/robot_gantry/ME470-Senior-Design/install/robot_gantry_config/share/robot_gantry_config/local_setup.zsh
[0.375s] -- Installing: /home/george/robot_gantry/ME470-Senior-Design/install/robot_gantry_config/share/robot_gantry_config/local_setup.dsv
[0.375s] -- Installing: /home/george/robot_gantry/ME470-Senior-Design/install/robot_gantry_config/share/robot_gantry_config/package.dsv
[0.375s] -- Installing: /home/george/robot_gantry/ME470-Senior-Design/install/robot_gantry_config/share/ament_index/resource_index/packages/robot_gantry_config
[0.375s] -- Installing: /home/george/robot_gantry/ME470-Senior-Design/install/robot_gantry_config/share/robot_gantry_config/cmake/robot_gantry_configConfig.cmake
[0.376s] -- Installing: /home/george/robot_gantry/ME470-Senior-Design/install/robot_gantry_config/share/robot_gantry_config/cmake/robot_gantry_configConfig-version.cmake
[0.376s] -- Installing: /home/george/robot_gantry/ME470-Senior-Design/install/robot_gantry_config/share/robot_gantry_config/package.xml
[0.376s] -- Installing: /home/george/robot_gantry/ME470-Senior-Design/install/robot_gantry_config/share/robot_gantry_config/launch
[0.376s] -- Installing: /home/george/robot_gantry/ME470-Senior-Design/install/robot_gantry_config/share/robot_gantry_config/launch/rsp.launch.py
[0.376s] -- Installing: /home/george/robot_gantry/ME470-Senior-Design/install/robot_gantry_config/share/robot_gantry_config/launch/static_virtual_joint_tfs.launch.py
[0.376s] -- Installing: /home/george/robot_gantry/ME470-Senior-Design/install/robot_gantry_config/share/robot_gantry_config/launch/warehouse_db.launch.py
[0.376s] -- Installing: /home/george/robot_gantry/ME470-Senior-Design/install/robot_gantry_config/share/robot_gantry_config/launch/spawn_controllers.launch.py
[0.376s] -- Installing: /home/george/robot_gantry/ME470-Senior-Design/install/robot_gantry_config/share/robot_gantry_config/launch/moveit_rviz.launch.py
[0.376s] -- Installing: /home/george/robot_gantry/ME470-Senior-Design/install/robot_gantry_config/share/robot_gantry_config/launch/setup_assistant.launch.py
[0.376s] -- Installing: /home/george/robot_gantry/ME470-Senior-Design/install/robot_gantry_config/share/robot_gantry_config/launch/demo.launch.py
[0.376s] -- Installing: /home/george/robot_gantry/ME470-Senior-Design/install/robot_gantry_config/share/robot_gantry_config/launch/move_group.launch.py
[0.376s] -- Installing: /home/george/robot_gantry/ME470-Senior-Design/install/robot_gantry_config/share/robot_gantry_config/config
[0.376s] -- Installing: /home/george/robot_gantry/ME470-Senior-Design/install/robot_gantry_config/share/robot_gantry_config/config/ros2_controllers.yaml
[0.376s] -- Installing: /home/george/robot_gantry/ME470-Senior-Design/install/robot_gantry_config/share/robot_gantry_config/config/kinematics.yaml
[0.376s] -- Installing: /home/george/robot_gantry/ME470-Senior-Design/install/robot_gantry_config/share/robot_gantry_config/config/moveit_controllers.yaml
[0.376s] -- Installing: /home/george/robot_gantry/ME470-Senior-Design/install/robot_gantry_config/share/robot_gantry_config/config/initial_positions.yaml
[0.376s] -- Installing: /home/george/robot_gantry/ME470-Senior-Design/install/robot_gantry_config/share/robot_gantry_config/config/Robot_Gantry_Gazebo.ros2_control.xacro
[0.376s] -- Installing: /home/george/robot_gantry/ME470-Senior-Design/install/robot_gantry_config/share/robot_gantry_config/config/moveit.rviz
[0.376s] -- Installing: /home/george/robot_gantry/ME470-Senior-Design/install/robot_gantry_config/share/robot_gantry_config/config/Robot_Gantry_Gazebo.urdf.xacro
[0.376s] -- Installing: /home/george/robot_gantry/ME470-Senior-Design/install/robot_gantry_config/share/robot_gantry_config/config/Robot_Gantry_Gazebo.srdf
[0.376s] -- Installing: /home/george/robot_gantry/ME470-Senior-Design/install/robot_gantry_config/share/robot_gantry_config/config/pilz_cartesian_limits.yaml
[0.376s] -- Installing: /home/george/robot_gantry/ME470-Senior-Design/install/robot_gantry_config/share/robot_gantry_config/config/joint_limits.yaml
[0.377s] -- Installing: /home/george/robot_gantry/ME470-Senior-Design/install/robot_gantry_config/share/robot_gantry_config/.setup_assistant
[0.378s] Invoked command in '/home/george/robot_gantry/ME470-Senior-Design/build/robot_gantry_config' returned '0': AMENT_PREFIX_PATH=/home/george/robot_gantry/ME470-Senior-Design/install/robot_gantry_description:${AMENT_PREFIX_PATH} CMAKE_PREFIX_PATH=/home/george/robot_gantry/ME470-Senior-Design/install/robot_gantry_description:/home/george/ros2_ws/install/test_gantry_config:/home/george/ros2_ws/install/stepper_driver:/home/george/ros2_ws/install/robot_gantry_config:/home/george/ros2_ws/install/robot_gantry_description:/opt/ros/humble /usr/bin/cmake --install /home/george/robot_gantry/ME470-Senior-Design/build/robot_gantry_config
